09-May-2014 03:46:43 EDT  Initiating request to open file file:/mnt/hadoop/cms/store/user/rkunnawa/Hydjet1p8_TuneDrum_Quenched_MinBias_2760GeV/HIMinBias2011_Hydjet_2760GeV_STARTHI53_LV1_20Feb2014_1211EST_Track8_Jet14/f800faea92f26219290cf07bacf415bf/step2_DIGI_L1_DIGI2RAW_HLT_RAW2DIGI_L1Reco_1000_1_LL6.root
09-May-2014 03:46:45 EDT  Successfully opened file file:/mnt/hadoop/cms/store/user/rkunnawa/Hydjet1p8_TuneDrum_Quenched_MinBias_2760GeV/HIMinBias2011_Hydjet_2760GeV_STARTHI53_LV1_20Feb2014_1211EST_Track8_Jet14/f800faea92f26219290cf07bacf415bf/step2_DIGI_L1_DIGI2RAW_HLT_RAW2DIGI_L1Reco_1000_1_LL6.root
TimeReport> Report activated
TimeReport> Report columns headings for events: eventnum runnum timetaken
TimeReport> Report columns headings for modules: eventnum runnum modulelabel modulename timetakeni
TimeReport> JobTime=1.39962e+09 JobCPU=13.105

%MSG-w SiStripQuality:  EventSetupRecordDataGetter:hltGetConditions@beginRun  09-May-2014 03:50:01 EDT Run: 1
The cabling should always include the active feds in runInfo and possibly have some morethere are instead 59 feds only active in runInfo
%MSG
Begin processing the 1st record. Run 1, Event 206217, LumiSection 25778 at 09-May-2014 03:51:36.873 EDT
TimeModule> 206217 1 randomEngineStateProducer RandomEngineStateProducer 0.000185966
TimeModule> 206217 1 VtxSmeared BetafuncEvtVtxGenerator 0.0848992
TimeModule> 206217 1 hiGenParticles GenParticleProducer 0.000907898
----- Begin Fatal Exception 09-May-2014 03:51:37 EDT-----------------------
An exception of category 'ProductNotFound' occurred while
   [0] Processing run: 1 lumi: 25778 event: 206217
   [1] Running path 'generation_step'
   [2] Calling event method for module GenParticleProducer/'hiGenParticles'
Exception Message:
Principal::getByLabel: Found zero products matching all criteria
Looking for type: edm::HepMCProduct
Looking for module label: hiSignal
Looking for productInstanceName: 

   Additional Info:
      [a] If you wish to continue processing events after a ProductNotFound exception,
add "SkipEvent = cms.untracked.vstring('ProductNotFound')" to the "options" PSet in the configuration.

----- End Fatal Exception -------------------------------------------------
TimeEvent> 206217 1 0.106342 0.040994 0.040994
09-May-2014 03:51:37 EDT  Closed file file:/mnt/hadoop/cms/store/user/rkunnawa/Hydjet1p8_TuneDrum_Quenched_MinBias_2760GeV/HIMinBias2011_Hydjet_2760GeV_STARTHI53_LV1_20Feb2014_1211EST_Track8_Jet14/f800faea92f26219290cf07bacf415bf/step2_DIGI_L1_DIGI2RAW_HLT_RAW2DIGI_L1Reco_1000_1_LL6.root
MemoryReport> Peak virtual size 1788.77 Mbytes
 Key events increasing vsize: 
[0] run: 0 lumi: 0 event: 0  vsize = 0 deltaVsize = 0 rss = 0 delta = 0
[0] run: 0 lumi: 0 event: 0  vsize = 0 deltaVsize = 0 rss = 0 delta = 0
[1] run: 1 lumi: 25778 event: 206217  vsize = 1788.77 deltaVsize = 0 rss = 1355.49 delta = 0
[0] run: 0 lumi: 0 event: 0  vsize = 0 deltaVsize = 0 rss = 0 delta = 0
[0] run: 0 lumi: 0 event: 0  vsize = 0 deltaVsize = 0 rss = 0 delta = 0
[0] run: 0 lumi: 0 event: 0  vsize = 0 deltaVsize = 0 rss = 0 delta = 0
[0] run: 0 lumi: 0 event: 0  vsize = 0 deltaVsize = 0 rss = 0 delta = 0
[1] run: 1 lumi: 25778 event: 206217  vsize = 1788.77 deltaVsize = 0 rss = 1355.49 delta = 0
TimeReport> Time report complete in 287.035 seconds
 Time Summary: 
 - Min event:   0.106342
 - Max event:   0.106342
 - Avg event:   287.035
 - Total job:   287.035
 CPU Summary: 
 - Min event:   0.040994
 - Max event:   0.040994
 - Avg event:   0.040994
 - Total job:   102.492
 - Total event: 0.040994


=============================================

MessageLogger Summary

 type     category        sev    module        subroutine        count    total
 ---- -------------------- -- ---------------- ----------------  -----    -----
    1 SiStripQuality       -w EventSetupRecord                       1        1
    2 TimeEvent            -w PostProcessPath                        1        1
    3 TimeModule           -w BetafuncEvtVtxGe                       1        1
    4 TimeModule           -w GenParticleProdu                       1        1
    5 TimeModule           -w RandomEngineStat                       1        1
    6 TimeReport           -e AfterBeginJob                          1        1
    7 TimeReport           -e AfterModEndJob                         1        1
    8 Fatal Exception      -s PostProcessPath                        1        1
    9 MemoryReport         -s AfterModEndJob                         1        1
   10 fileAction           -s file_close                             1        1
   11 fileAction           -s file_open                              2        2

 type    category    Examples: run/evt        run/evt          run/evt
 ---- -------------------- ---------------- ---------------- ----------------
    1 SiStripQuality       Run: 1                            
    2 TimeEvent            1/206217                          
    3 TimeModule           1/206217                          
    4 TimeModule           1/206217                          
    5 TimeModule           1/206217                          
    6 TimeReport           BeforeEvents                      
    7 TimeReport           PostEndRun                        
    8 Fatal Exception      1/206217                          
    9 MemoryReport         PostEndRun                        
   10 fileAction           PostEndRun                        
   11 fileAction           pre-events       pre-events       

Severity    # Occurrences   Total Occurrences
--------    -------------   -----------------
Warning                 5                   5
Error                   2                   2
System                  5                   5
