09-May-2014 04:11:12 EDT  Initiating request to open file file:Pyquen_AllQCDPhotons_PtHat30_PhotonFilter_pt35GeV_eta3_TuneZ2_Unquenched_2760GeV_cfi_GEN_SIM_DIGI_L1_DIGI2RAW_HLT.root
09-May-2014 04:11:12 EDT  Successfully opened file file:Pyquen_AllQCDPhotons_PtHat30_PhotonFilter_pt35GeV_eta3_TuneZ2_Unquenched_2760GeV_cfi_GEN_SIM_DIGI_L1_DIGI2RAW_HLT.root
TimeReport> Report activated
TimeReport> Report columns headings for events: eventnum runnum timetaken
TimeReport> Report columns headings for modules: eventnum runnum modulelabel modulename timetakeni
TimeReport> JobTime=1.39962e+09 JobCPU=13.9229

09-May-2014 04:11:32 EDT  Closed file file:Pyquen_AllQCDPhotons_PtHat30_PhotonFilter_pt35GeV_eta3_TuneZ2_Unquenched_2760GeV_cfi_GEN_SIM_DIGI_L1_DIGI2RAW_HLT.root
MemoryReport> Peak virtual size 0 Mbytes
 Key events increasing vsize: 
[0] run: 0 lumi: 0 event: 0  vsize = 0 deltaVsize = 0 rss = 0 delta = 0
[0] run: 0 lumi: 0 event: 0  vsize = 0 deltaVsize = 0 rss = 0 delta = 0
[0] run: 0 lumi: 0 event: 0  vsize = 0 deltaVsize = 0 rss = 0 delta = 0
[0] run: 0 lumi: 0 event: 0  vsize = 0 deltaVsize = 0 rss = 0 delta = 0
[0] run: 0 lumi: 0 event: 0  vsize = 0 deltaVsize = 0 rss = 0 delta = 0
[0] run: 0 lumi: 0 event: 0  vsize = 0 deltaVsize = 0 rss = 0 delta = 0
[0] run: 0 lumi: 0 event: 0  vsize = 0 deltaVsize = 0 rss = 0 delta = 0
[0] run: 0 lumi: 0 event: 0  vsize = 0 deltaVsize = 0 rss = 0 delta = 0
TimeReport> Time report complete in 15.3612 seconds
 Time Summary: 
 - Min event:   0
 - Max event:   0
 - Avg event:   inf
 - Total job:   15.3612
 CPU Summary: 
 - Min event:   0
 - Max event:   0
 - Avg event:   nan
 - Total job:   5.64114
 - Total event: 0


=============================================

MessageLogger Summary

 type     category        sev    module        subroutine        count    total
 ---- -------------------- -- ---------------- ----------------  -----    -----
    1 TimeReport           -e AfterBeginJob                          1        1
    2 TimeReport           -e AfterModEndJob                         1        1
    3 MemoryReport         -s AfterModEndJob                         1        1
    4 fileAction           -s file_close                             1        1
    5 fileAction           -s file_open                              2        2

 type    category    Examples: run/evt        run/evt          run/evt
 ---- -------------------- ---------------- ---------------- ----------------
    1 TimeReport           BeforeEvents                      
    2 TimeReport           PostEndRun                        
    3 MemoryReport         PostEndRun                        
    4 fileAction           PostEndRun                        
    5 fileAction           pre-events       pre-events       

Severity    # Occurrences   Total Occurrences
--------    -------------   -----------------
Error                   2                   2
System                  4                   4
